1630543458514	geckodriver	INFO	Listening on 127.0.0.1:35963
1630543458522	mozrunner::runner	INFO	Running command: "/usr/bin/firefox" "--marionette" "-headless" "-foreground" "-no-remote" "-profile" "/tmp/rust_mozprofileSDce7T"
*** You are running in headless mode.
1630543459191	Marionette	INFO	Marionette enabled
[GFX1-]: RenderCompositorSWGL failed mapping default framebuffer, no dt
console.warn: SearchSettings: "get: No settings file exists, new profile?" (new NotFoundError("Could not open the file at /tmp/rust_mozprofileSDce7T/search.json.mozlz4", (void 0)))
1630543461881	Marionette	INFO	Listening on port 42677
1630543462001	RemoteAgent	WARN	TLS certificate errors will be ignored for this session
console.error: services.settings: 
  main/doh-providers Signature failed  InvalidSignatureError: Invalid content signature (main/doh-providers)
console.error: services.settings: 
  main/doh-providers local data was corrupted
console.warn: services.settings: main/doh-providers Signature verified failed. Retry from scratch
console.error: services.settings: 
  main/doh-config Signature failed  InvalidSignatureError: Invalid content signature (main/doh-config)
console.error: services.settings: 
  main/doh-config local data was corrupted
console.warn: services.settings: main/doh-config Signature verified failed. Retry from scratch
1630543743031	geckodriver	INFO	Listening on 127.0.0.1:35813
1630543743042	mozrunner::runner	INFO	Running command: "/usr/bin/firefox" "--marionette" "-foreground" "-no-remote" "-profile" "/tmp/rust_mozprofileKwcknR"
1630543743981	Marionette	INFO	Marionette enabled
console.warn: SearchSettings: "get: No settings file exists, new profile?" (new NotFoundError("Could not open the file at /tmp/rust_mozprofileKwcknR/search.json.mozlz4", (void 0)))
1630543748165	Marionette	INFO	Listening on port 39927
1630543748244	RemoteAgent	WARN	TLS certificate errors will be ignored for this session
1630543759082	Marionette	INFO	Stopped listening on port 39927
JavaScript error: resource:///modules/Interactions.jsm, line 209: NS_ERROR_FAILURE: Component returned failure code: 0x80004005 (NS_ERROR_FAILURE) [nsIUserIdleService.removeIdleObserver]
JavaScript error: chrome://remote/content/marionette/cert.js, line 55: NS_ERROR_NOT_AVAILABLE: Component returned failure code: 0x80040111 (NS_ERROR_NOT_AVAILABLE) [nsICertOverrideService.setDisableAllSecurityChecksAndLetAttackersInterceptMyData]

###!!! [Parent][RunMessage] Error: Channel closing: too late to send/recv, messages will be lost

1630543819557	geckodriver	INFO	Listening on 127.0.0.1:41099
1630543819565	mozrunner::runner	INFO	Running command: "/usr/bin/firefox" "--marionette" "-foreground" "-no-remote" "-profile" "/tmp/rust_mozprofilerMSOBE"
1630543820486	Marionette	INFO	Marionette enabled
console.warn: SearchSettings: "get: No settings file exists, new profile?" (new NotFoundError("Could not open the file at /tmp/rust_mozprofilerMSOBE/search.json.mozlz4", (void 0)))
1630543825100	Marionette	INFO	Listening on port 40633
1630543825265	RemoteAgent	WARN	TLS certificate errors will be ignored for this session
console.log: WebExtensions: reset-default-search: starting.
console.log: WebExtensions: reset-default-search: No addons in our list are installed.
1630544036828	geckodriver	INFO	Listening on 127.0.0.1:52361
1630544036836	mozrunner::runner	INFO	Running command: "/usr/bin/firefox" "--marionette" "-foreground" "-no-remote" "-profile" "/tmp/rust_mozprofilewcnb7q"
1630544037756	Marionette	INFO	Marionette enabled
console.warn: SearchSettings: "get: No settings file exists, new profile?" (new NotFoundError("Could not open the file at /tmp/rust_mozprofilewcnb7q/search.json.mozlz4", (void 0)))
1630544041749	Marionette	INFO	Listening on port 36543
1630544041835	RemoteAgent	WARN	TLS certificate errors will be ignored for this session
console.error: services.settings: 
  main/doh-providers Signature failed  InvalidSignatureError: Invalid content signature (main/doh-providers)
console.error: services.settings: 
  main/doh-providers local data was corrupted
console.warn: services.settings: main/doh-providers Signature verified failed. Retry from scratch
console.error: services.settings: 
  main/doh-config Signature failed  InvalidSignatureError: Invalid content signature (main/doh-config)
console.error: services.settings: 
  main/doh-config local data was corrupted
console.warn: services.settings: main/doh-config Signature verified failed. Retry from scratch
1630544198635	geckodriver	INFO	Listening on 127.0.0.1:51025
1630544198646	mozrunner::runner	INFO	Running command: "/usr/bin/firefox" "--marionette" "-foreground" "-no-remote" "-profile" "/tmp/rust_mozprofilegzVd9P"
1630544199523	Marionette	INFO	Marionette enabled
console.warn: SearchSettings: "get: No settings file exists, new profile?" (new NotFoundError("Could not open the file at /tmp/rust_mozprofilegzVd9P/search.json.mozlz4", (void 0)))
1630544205783	Marionette	INFO	Listening on port 39029
1630544205881	RemoteAgent	WARN	TLS certificate errors will be ignored for this session
console.log: WebExtensions: reset-default-search: starting.
console.log: WebExtensions: reset-default-search: No addons in our list are installed.
Exiting due to channel error.
Exiting due to channel error.
Exiting due to channel error.
1630544218821	Marionette	INFO	Stopped listening on port 36543
JavaScript error: resource:///modules/Interactions.jsm, line 209: NS_ERROR_FAILURE: Component returned failure code: 0x80004005 (NS_ERROR_FAILURE) [nsIUserIdleService.removeIdleObserver]
1630544221145	Marionette	INFO	Stopped listening on port 40633
JavaScript error: resource:///modules/Interactions.jsm, line 209: NS_ERROR_FAILURE: Component returned failure code: 0x80004005 (NS_ERROR_FAILURE) [nsIUserIdleService.removeIdleObserver]
Exiting due to channel error.
Exiting due to channel error.
Exiting due to channel error.
1631230428712	geckodriver	INFO	Listening on 127.0.0.1:53219
1631230429720	mozrunner::runner	INFO	Running command: "/usr/bin/firefox" "--marionette" "-foreground" "-no-remote" "-profile" "/tmp/rust_mozprofileN8Ajq8"
1631230430532	Marionette	INFO	Marionette enabled
console.warn: SearchSettings: "get: No settings file exists, new profile?" (new NotFoundError("Could not open the file at /tmp/rust_mozprofileN8Ajq8/search.json.mozlz4", (void 0)))
1631230434713	Marionette	INFO	Listening on port 36503
1631230434816	RemoteAgent	WARN	TLS certificate errors will be ignored for this session
[GFX1-]: Couldn't sanitize RENDERER device: SVGA3D; build: RELEASE;  LLVM;
JavaScript error: , line 0: TypeError: NetworkError when attempting to fetch resource.
[GFX1-]: Couldn't sanitize RENDERER device: SVGA3D; build: RELEASE;  LLVM;
[GFX1-]: Couldn't sanitize RENDERER device: SVGA3D; build: RELEASE;  LLVM;
1631230721838	geckodriver	INFO	Listening on 127.0.0.1:54797
1631230721843	mozrunner::runner	INFO	Running command: "/usr/bin/firefox" "--marionette" "-headless" "-foreground" "-no-remote" "-profile" "/tmp/rust_mozprofileIRys70"
*** You are running in headless mode.
1631230722491	Marionette	INFO	Marionette enabled
[GFX1-]: RenderCompositorSWGL failed mapping default framebuffer, no dt
console.warn: SearchSettings: "get: No settings file exists, new profile?" (new NotFoundError("Could not open the file at /tmp/rust_mozprofileIRys70/search.json.mozlz4", (void 0)))
1631230725473	Marionette	INFO	Listening on port 41163
1631230725559	RemoteAgent	WARN	TLS certificate errors will be ignored for this session
1631230734939	Marionette	INFO	Stopped listening on port 36503
JavaScript error: , line 0: TypeError: NetworkError when attempting to fetch resource.
JavaScript error: resource:///modules/Interactions.jsm, line 209: NS_ERROR_FAILURE: Component returned failure code: 0x80004005 (NS_ERROR_FAILURE) [nsIUserIdleService.removeIdleObserver]

###!!! [Child][MessageChannel] Error: (msgtype=0x6B0025,name=PNecko::Msg_RemoveRequestContext) Channel closing: too late to send/recv, messages will be lost

1631230929159	geckodriver	INFO	Listening on 127.0.0.1:41695
1631230929164	mozrunner::runner	INFO	Running command: "/usr/bin/firefox" "--marionette" "-headless" "-foreground" "-no-remote" "-profile" "/tmp/rust_mozprofileauFtFN"
*** You are running in headless mode.
1631230929759	Marionette	INFO	Marionette enabled
[GFX1-]: RenderCompositorSWGL failed mapping default framebuffer, no dt
console.warn: SearchSettings: "get: No settings file exists, new profile?" (new NotFoundError("Could not open the file at /tmp/rust_mozprofileauFtFN/search.json.mozlz4", (void 0)))
1631230932688	Marionette	INFO	Listening on port 36189
1631230932843	RemoteAgent	WARN	TLS certificate errors will be ignored for this session
console.log: WebExtensions: reset-default-search: starting.
console.log: WebExtensions: reset-default-search: No addons in our list are installed.
1631231138583	geckodriver	INFO	Listening on 127.0.0.1:35765
1631231138590	mozrunner::runner	INFO	Running command: "/usr/bin/firefox" "--marionette" "-headless" "-foreground" "-no-remote" "-profile" "/tmp/rust_mozprofile7ohb2Z"
*** You are running in headless mode.
1631231139157	Marionette	INFO	Marionette enabled
[GFX1-]: RenderCompositorSWGL failed mapping default framebuffer, no dt
console.warn: SearchSettings: "get: No settings file exists, new profile?" (new NotFoundError("Could not open the file at /tmp/rust_mozprofile7ohb2Z/search.json.mozlz4", (void 0)))
1631231142299	Marionette	INFO	Listening on port 45633
1631231142402	RemoteAgent	WARN	TLS certificate errors will be ignored for this session
console.log: WebExtensions: reset-default-search: starting.
console.log: WebExtensions: reset-default-search: No addons in our list are installed.
console.log: WebExtensions: reset-default-search: starting.
console.log: WebExtensions: reset-default-search: No addons in our list are installed.
1631316803264	geckodriver	INFO	Listening on 127.0.0.1:46331
1631316803274	mozrunner::runner	INFO	Running command: "/usr/bin/firefox" "--marionette" "-headless" "-foreground" "-no-remote" "-profile" "/tmp/rust_mozprofilesMXiWZ"
*** You are running in headless mode.
1631316803866	Marionette	INFO	Marionette enabled
[GFX1-]: RenderCompositorSWGL failed mapping default framebuffer, no dt
console.warn: SearchSettings: "get: No settings file exists, new profile?" (new NotFoundError("Could not open the file at /tmp/rust_mozprofilesMXiWZ/search.json.mozlz4", (void 0)))
1631316806662	Marionette	INFO	Listening on port 37495
1631316806743	RemoteAgent	WARN	TLS certificate errors will be ignored for this session
1631316829925	geckodriver	INFO	Listening on 127.0.0.1:46609
1631316829932	mozrunner::runner	INFO	Running command: "/usr/bin/firefox" "--marionette" "-headless" "-foreground" "-no-remote" "-profile" "/tmp/rust_mozprofileagDQsa"
*** You are running in headless mode.
1631316830560	Marionette	INFO	Marionette enabled
[GFX1-]: RenderCompositorSWGL failed mapping default framebuffer, no dt
console.warn: SearchSettings: "get: No settings file exists, new profile?" (new NotFoundError("Could not open the file at /tmp/rust_mozprofileagDQsa/search.json.mozlz4", (void 0)))
1631316833314	Marionette	INFO	Listening on port 33393
1631316833412	RemoteAgent	WARN	TLS certificate errors will be ignored for this session
1631316862533	geckodriver	INFO	Listening on 127.0.0.1:42607
1631316862537	mozrunner::runner	INFO	Running command: "/usr/bin/firefox" "--marionette" "-headless" "-foreground" "-no-remote" "-profile" "/tmp/rust_mozprofile56EXdn"
*** You are running in headless mode.
1631316863317	Marionette	INFO	Marionette enabled
[GFX1-]: RenderCompositorSWGL failed mapping default framebuffer, no dt
console.warn: SearchSettings: "get: No settings file exists, new profile?" (new NotFoundError("Could not open the file at /tmp/rust_mozprofile56EXdn/search.json.mozlz4", (void 0)))
1631316867330	Marionette	INFO	Listening on port 35737
1631316867449	RemoteAgent	WARN	TLS certificate errors will be ignored for this session
1631316893878	geckodriver	INFO	Listening on 127.0.0.1:56905
1631316893885	mozrunner::runner	INFO	Running command: "/usr/bin/firefox" "--marionette" "-headless" "-foreground" "-no-remote" "-profile" "/tmp/rust_mozprofile4kxgUs"
*** You are running in headless mode.
1631316894568	Marionette	INFO	Marionette enabled
[GFX1-]: RenderCompositorSWGL failed mapping default framebuffer, no dt
console.warn: SearchSettings: "get: No settings file exists, new profile?" (new NotFoundError("Could not open the file at /tmp/rust_mozprofile4kxgUs/search.json.mozlz4", (void 0)))
1631316899705	Marionette	INFO	Listening on port 33017
Exiting due to channel error.
Exiting due to channel error.
Exiting due to channel error.
1631316933392	geckodriver	INFO	Listening on 127.0.0.1:42309
1631316933402	mozrunner::runner	INFO	Running command: "/usr/bin/firefox" "--marionette" "-headless" "-foreground" "-no-remote" "-profile" "/tmp/rust_mozprofilecpfxbr"
*** You are running in headless mode.
1631316934038	Marionette	INFO	Marionette enabled
[GFX1-]: RenderCompositorSWGL failed mapping default framebuffer, no dt
console.warn: SearchSettings: "get: No settings file exists, new profile?" (new NotFoundError("Could not open the file at /tmp/rust_mozprofilecpfxbr/search.json.mozlz4", (void 0)))
1631316937073	Marionette	INFO	Listening on port 38907
1631316937210	RemoteAgent	WARN	TLS certificate errors will be ignored for this session
1631317090007	geckodriver	INFO	Listening on 127.0.0.1:50375
1631317090012	mozrunner::runner	INFO	Running command: "/usr/bin/firefox" "--marionette" "-headless" "-foreground" "-no-remote" "-profile" "/tmp/rust_mozprofileOJ4G7c"
*** You are running in headless mode.
1631317090664	Marionette	INFO	Marionette enabled
[GFX1-]: RenderCompositorSWGL failed mapping default framebuffer, no dt
console.warn: SearchSettings: "get: No settings file exists, new profile?" (new NotFoundError("Could not open the file at /tmp/rust_mozprofileOJ4G7c/search.json.mozlz4", (void 0)))
1631317095346	Marionette	INFO	Listening on port 39897
1631317095430	RemoteAgent	WARN	TLS certificate errors will be ignored for this session
[GFX1-]: Receive IPC close with reason=AbnormalShutdown
Exiting due to channel error.
Exiting due to channel error.
Exiting due to channel error.
console.log: WebExtensions: reset-default-search: starting.
console.log: WebExtensions: reset-default-search: No addons in our list are installed.
console.log: WebExtensions: reset-default-search: starting.
console.log: WebExtensions: reset-default-search: No addons in our list are installed.
console.log: WebExtensions: reset-default-search: starting.
console.log: WebExtensions: reset-default-search: No addons in our list are installed.
console.log: WebExtensions: reset-default-search: starting.
console.log: WebExtensions: reset-default-search: No addons in our list are installed.
1631317477530	geckodriver	INFO	Listening on 127.0.0.1:55975
1631317477536	mozrunner::runner	INFO	Running command: "/usr/bin/firefox" "--marionette" "-headless" "-foreground" "-no-remote" "-profile" "/tmp/rust_mozprofile3XK5e1"
*** You are running in headless mode.
1631317478303	Marionette	INFO	Marionette enabled
[GFX1-]: RenderCompositorSWGL failed mapping default framebuffer, no dt
console.warn: SearchSettings: "get: No settings file exists, new profile?" (new NotFoundError("Could not open the file at /tmp/rust_mozprofile3XK5e1/search.json.mozlz4", (void 0)))
1631317481208	Marionette	INFO	Listening on port 41293
1631317481342	RemoteAgent	WARN	TLS certificate errors will be ignored for this session
1631317502612	geckodriver	INFO	Listening on 127.0.0.1:45555
1631317502622	mozrunner::runner	INFO	Running command: "/usr/bin/firefox" "--marionette" "-headless" "-foreground" "-no-remote" "-profile" "/tmp/rust_mozprofilexy02B5"
*** You are running in headless mode.
1631317503389	Marionette	INFO	Marionette enabled
[GFX1-]: RenderCompositorSWGL failed mapping default framebuffer, no dt
console.warn: SearchSettings: "get: No settings file exists, new profile?" (new NotFoundError("Could not open the file at /tmp/rust_mozprofilexy02B5/search.json.mozlz4", (void 0)))
1631317506499	Marionette	INFO	Listening on port 44133
1631317506583	RemoteAgent	WARN	TLS certificate errors will be ignored for this session
1631317525165	geckodriver	INFO	Listening on 127.0.0.1:57029
1631317525170	mozrunner::runner	INFO	Running command: "/usr/bin/firefox" "--marionette" "-headless" "-foreground" "-no-remote" "-profile" "/tmp/rust_mozprofile1y8aKE"
*** You are running in headless mode.
1631317526137	Marionette	INFO	Marionette enabled
[GFX1-]: RenderCompositorSWGL failed mapping default framebuffer, no dt
console.warn: SearchSettings: "get: No settings file exists, new profile?" (new NotFoundError("Could not open the file at /tmp/rust_mozprofile1y8aKE/search.json.mozlz4", (void 0)))
1631317530753	Marionette	INFO	Listening on port 45599
1631317530890	RemoteAgent	WARN	TLS certificate errors will be ignored for this session
1631317542737	Marionette	WARN	Ignoring event 'DOMContentLoaded' because document has an invalid readyState of 'complete'.
Exiting due to channel error.
Exiting due to channel error.
Exiting due to channel error.
console.log: WebExtensions: reset-default-search: starting.
console.log: WebExtensions: reset-default-search: No addons in our list are installed.
console.log: WebExtensions: reset-default-search: starting.
console.log: WebExtensions: reset-default-search: No addons in our list are installed.
1631317942031	geckodriver	INFO	Listening on 127.0.0.1:42631
1631317942041	mozrunner::runner	INFO	Running command: "/usr/bin/firefox" "--marionette" "-headless" "-foreground" "-no-remote" "-profile" "/tmp/rust_mozprofileqFiMFU"
*** You are running in headless mode.
1631317942947	Marionette	INFO	Marionette enabled
[GFX1-]: RenderCompositorSWGL failed mapping default framebuffer, no dt
console.warn: SearchSettings: "get: No settings file exists, new profile?" (new NotFoundError("Could not open the file at /tmp/rust_mozprofileqFiMFU/search.json.mozlz4", (void 0)))
1631317947181	Marionette	INFO	Listening on port 35695
1631317947265	RemoteAgent	WARN	TLS certificate errors will be ignored for this session
1631317960019	Marionette	WARN	Ignoring event 'DOMContentLoaded' because document has an invalid readyState of 'complete'.
JavaScript error: resource://gre/modules/PageThumbUtils.jsm, line 353: TypeError: ChromeUtils.getClassName: Argument 1 is not an object.
JavaScript error: resource://gre/modules/PageThumbUtils.jsm, line 353: TypeError: ChromeUtils.getClassName: Argument 1 is not an object.
console.log: WebExtensions: reset-default-search: starting.
console.log: WebExtensions: reset-default-search: No addons in our list are installed.
1631318405110	Marionette	WARN	Ignoring event 'DOMContentLoaded' because document has an invalid readyState of 'complete'.
JavaScript error: resource://gre/modules/PageThumbUtils.jsm, line 353: TypeError: ChromeUtils.getClassName: Argument 1 is not an object.
Exiting due to channel error.
Exiting due to channel error.
[GFX1-]: Receive IPC close with reason=AbnormalShutdown
Exiting due to channel error.
[GFX1-]: Receive IPC close with reason=AbnormalShutdown
Exiting due to channel error.
Exiting due to channel error.
Exiting due to channel error.
Exiting due to channel error.
Exiting due to channel error.
Exiting due to channel error.
Exiting due to channel error.
[GFX1-]: Receive IPC close with reason=AbnormalShutdown
Exiting due to channel error.
Exiting due to channel error.
Exiting due to channel error.
Exiting due to channel error.
Exiting due to channel error.
Exiting due to channel error.
Exiting due to channel error.
Exiting due to channel error.
Exiting due to channel error.
Exiting due to channel error.
[GFX1-]: Receive IPC close with reason=AbnormalShutdown
Exiting due to channel error.
Exiting due to channel error.
Exiting due to channel error.
Exiting due to channel error.
Exiting due to channel error.
[GFX1-]: Receive IPC close with reason=AbnormalShutdown
Exiting due to channel error.
Exiting due to channel error.
Exiting due to channel error.
Exiting due to channel error.
Exiting due to channel error.
